
Development build: Unable to determine the default URI scheme for deep linking into the app. Ensure that the expo-dev-client package is installed.
Starting project at /Users/tusm/Documents/MetaID_Projects/IDChat-APP
Starting Metro Bundler
Waiting on http://localhost:8081
Logs for your project will appear below.
iOS ./index.js ░░░░░░░░░░░░░░░░  0.0% (0/1)
 WARN  Attempted to import the module "/Users/tusm/Documents/MetaID_Projects/IDChat-APP/node_modules/@scure/bip39/wordlists/english" which is not listed in the "exports" of "/Users/tusm/Documents/MetaID_Projects/IDChat-APP/node_modules/@scure/bip39" under the requested subpath "./wordlists/english". Falling back to file-based resolution. Consider updating the call site or asking the package maintainer(s) to expose this API.
 WARN  Attempted to import the module "/Users/tusm/Documents/MetaID_Projects/IDChat-APP/node_modules/@noble/hashes/crypto.js" which is not listed in the "exports" of "/Users/tusm/Documents/MetaID_Projects/IDChat-APP/node_modules/@noble/hashes" under the requested subpath "./crypto.js". Falling back to file-based resolution. Consider updating the call site or asking the package maintainer(s) to expose this API.
 WARN  Attempted to import the module "/Users/tusm/Documents/MetaID_Projects/IDChat-APP/node_modules/@noble/hashes/crypto.js" which is not listed in the "exports" of "/Users/tusm/Documents/MetaID_Projects/IDChat-APP/node_modules/@noble/hashes" under the requested subpath "./crypto.js". Falling back to file-based resolution. Consider updating the call site or asking the package maintainer(s) to expose this API.
iOS ./index.js ▓▓▓▓▓▓▓▓▓▓▓░░░░░ 73.7% (1336/1632)
| (node:46209) Warning: The 'NO_COLOR' env is ignored due to the 'FORCE_COLOR' env being set.
| (Use `node --trace-warnings ...` to show where the warning was created)
iOS ./index.js ▓▓▓▓▓▓▓▓▓▓▓▓▓▓▓░ 98.7% (2215/2230)
iOS Bundled 12182ms index.js (2239 modules)
 LOG  initDataBase 自主刷新123
 LOG  myWallet 当前的选中钱包：
 LOG  walletMode----- hot
iOS src/stores/useUserStore.ts ▓▓▓▓▓▓▓░░░░░░░░░ 49.0% ( 7/10)
iOS Bundled 3430ms src/stores/useUserStore.ts (566 modules)
iOS ./index.js ░░░░░░░░░░░░░░░░  0.0% (0/1)
iOS Bundled 197ms index.js (1 module)
 LOG  initDataBase 自主刷新123
 LOG  myWallet 当前的选中钱包：
 LOG  walletMode----- hot
iOS Bundled 203ms src/stores/useUserStore.ts (1 module)
iOS ./index.js ░░░░░░░░░░░░░░░░  0.0% (0/1)
iOS Bundled 469ms index.js (1 module)
 LOG  initDataBase 自主刷新123
 LOG  myWallet 当前的选中钱包：
 LOG  walletMode----- hot
iOS Bundled 197ms src/stores/useUserStore.ts (1 module)
