  SQLite build flags: -DHAVE_USLEEP=1 -DSQLITE_ENABLE_LOCKING_STYLE=0 -DSQLITE_ENABLE_BYTECODE_VTAB=1 -DSQLITE_TEMP_STORE=2 -DSQLITE_ENABLE_SESSION=1 -DSQLITE_ENABLE_PREUPDATE_HOOK=1 -DSQLITE_ENABLE_FTS4=1 -DSQLITE_ENABLE_FTS3_PARENTHESIS=1 -DSQLITE_ENABLE_FTS5=1

Using Expo modules
  [Expo] Enabling modular headers for pod SPIndicator
  [Expo] Enabling modular headers for pod SPAlert
  [Expo] Enabling modular headers for pod ExpoModulesCore
  — burnt (0.12.2)
  [Expo] Enabling modular headers for pod React-RCTAppDelegate
  [Expo] Enabling modular headers for pod React-RCTFabric
  [Expo] Enabling modular headers for pod ReactAppDependencyProvider
  [Expo] Enabling modular headers for pod React-Core
  [Expo] Enabling modular headers for pod RCT-Folly
  [Expo] Enabling modular headers for pod glog
  [Expo] Enabling modular headers for pod ReactCodegen
  [Expo] Enabling modular headers for pod RCTRequired
  [Expo] Enabling modular headers for pod RCTTypeSafety
  [Expo] Enabling modular headers for pod ReactCommon
  [Expo] Enabling modular headers for pod React-NativeModulesApple
  [Expo] Enabling modular headers for pod Yoga
  [Expo] Enabling modular headers for pod React-Fabric
  [Expo] Enabling modular headers for pod React-graphics
  [Expo] Enabling modular headers for pod React-utils
  [Expo] Enabling modular headers for pod React-featureflags
  [Expo] Enabling modular headers for pod React-debug
  [Expo] Enabling modular headers for pod React-ImageManager
  [Expo] Enabling modular headers for pod React-rendererdebug
  [Expo] Enabling modular headers for pod DoubleConversion
  [Expo] Enabling modular headers for pod React-jsi
  [Expo] Enabling modular headers for pod React-renderercss
  [Expo] Enabling modular headers for pod hermes-engine
  [Expo] Enabling modular headers for pod React-hermes
  — expo (53.0.22)
  — expo-application (6.1.5)
  — expo-asset (11.1.7)
  [Expo] Enabling modular headers for pod ZXingObjC
  — expo-camera (16.1.11)
  — expo-clipboard (7.1.5)
  — expo-constants (17.1.8)
  — expo-crypto (14.1.5)
  — expo-device (7.1.4)
  — expo-file-system (18.1.11)
  — expo-font (13.3.2)
  [Expo] Enabling modular headers for pod SDWebImage
  [Expo] Enabling modular headers for pod SDWebImageAVIFCoder
  [Expo] Enabling modular headers for pod SDWebImageSVGCoder
  [Expo] Enabling modular headers for pod SDWebImageWebPCoder
  [Expo] Enabling modular headers for pod libavif
  — expo-image (2.4.1)
  — expo-image-loader (5.1.0)
  [Expo] Enabling modular headers for pod EXImageLoader
  — expo-image-manipulator (13.1.7)
  — expo-image-picker (16.1.4)
  — expo-keep-awake (14.1.4)
  — expo-linear-gradient (14.1.5)
  — expo-media-library (18.2.1)
  — expo-modules-core (2.5.0)
  — expo-notifications (0.31.4)
  — expo-sqlite (15.2.14)
Found 11 modules for target `IDChat`
link_native_modules! {ios_packages: [{configurations: [], name: "@react-native-async-storage/async-storage", root: "/Users/tusm/Documents/MetaID_Projects/IDChat-APP/node_modules/@react-native-async-storage/async-storage", path: "../node_modules/@react-native-async-storage/async-storage", podspec_path: "/Users/tusm/Documents/MetaID_Projects/IDChat-APP/node_modules/@react-native-async-storage/async-storage/RNCAsyncStorage.podspec", script_phases: []}, {configurations: [], name: "@react-native-masked-view/masked-view", root: "/Users/tusm/Documents/MetaID_Projects/IDChat-APP/node_modules/@react-native-masked-view/masked-view", path: "../node_modules/@react-native-masked-view/masked-view", podspec_path: "/Users/tusm/Documents/MetaID_Projects/IDChat-APP/node_modules/@react-native-masked-view/masked-view/RNCMaskedView.podspec", script_phases: []}, {configurations: [], name: "expo", root: "/Users/tusm/Documents/MetaID_Projects/IDChat-APP/node_modules/expo", path: "../node_modules/expo", podspec_path: "/Users/tusm/Documents/MetaID_Projects/IDChat-APP/node_modules/expo/Expo.podspec", script_phases: []}, {configurations: [], name: "react-native-get-random-values", root: "/Users/tusm/Documents/MetaID_Projects/IDChat-APP/node_modules/react-native-get-random-values", path: "../node_modules/react-native-get-random-values", podspec_path: "/Users/tusm/Documents/MetaID_Projects/IDChat-APP/node_modules/react-native-get-random-values/react-native-get-random-values.podspec", script_phases: []}, {configurations: [], name: "react-native-image-picker", root: "/Users/tusm/Documents/MetaID_Projects/IDChat-APP/node_modules/react-native-image-picker", path: "../node_modules/react-native-image-picker", podspec_path: "/Users/tusm/Documents/MetaID_Projects/IDChat-APP/node_modules/react-native-image-picker/react-native-image-picker.podspec", script_phases: []}, {configurations: [], name: "react-native-pager-view", root: "/Users/tusm/Documents/MetaID_Projects/IDChat-APP/node_modules/react-native-pager-view", path: "../node_modules/react-native-pager-view", podspec_path: "/Users/tusm/Documents/MetaID_Projects/IDChat-APP/node_modules/react-native-pager-view/react-native-pager-view.podspec", script_phases: []}, {configurations: [], name: "react-native-safe-area-context", root: "/Users/tusm/Documents/MetaID_Projects/IDChat-APP/node_modules/react-native-safe-area-context", path: "../node_modules/react-native-safe-area-context", podspec_path: "/Users/tusm/Documents/MetaID_Projects/IDChat-APP/node_modules/react-native-safe-area-context/react-native-safe-area-context.podspec", script_phases: []}, {configurations: [], name: "react-native-screens", root: "/Users/tusm/Documents/MetaID_Projects/IDChat-APP/node_modules/react-native-screens", path: "../node_modules/react-native-screens", podspec_path: "/Users/tusm/Documents/MetaID_Projects/IDChat-APP/node_modules/react-native-screens/RNScreens.podspec", script_phases: []}, {configurations: [], name: "react-native-svg", root: "/Users/tusm/Documents/MetaID_Projects/IDChat-APP/node_modules/react-native-svg", path: "../node_modules/react-native-svg", podspec_path: "/Users/tusm/Documents/MetaID_Projects/IDChat-APP/node_modules/react-native-svg/RNSVG.podspec", script_phases: []}, {configurations: [], name: "react-native-vector-icons", root: "/Users/tusm/Documents/MetaID_Projects/IDChat-APP/node_modules/react-native-vector-icons", path: "../node_modules/react-native-vector-icons", podspec_path: "/Users/tusm/Documents/MetaID_Projects/IDChat-APP/node_modules/react-native-vector-icons/RNVectorIcons.podspec", script_phases: []}, {configurations: [], name: "react-native-webview", root: "/Users/tusm/Documents/MetaID_Projects/IDChat-APP/node_modules/react-native-webview", path: "../node_modules/react-native-webview", podspec_path: "/Users/tusm/Documents/MetaID_Projects/IDChat-APP/node_modules/react-native-webview/react-native-webview.podspec", script_phases: []}], ios_project_root_path: "/Users/tusm/Documents/MetaID_Projects/IDChat-APP/ios", react_native_path: "../node_modules/react-native"}
Auto-linking React Native modules for target `IDChat`: RNCAsyncStorage, RNCMaskedView, RNSVG, RNScreens, RNVectorIcons, react-native-get-random-values, react-native-image-picker, react-native-pager-view, react-native-safe-area-context, and react-native-webview
Framework build type is static library
Configuring the target with the New Architecture
  $ /opt/homebrew/bin/node ./../node_modules/react-native/scripts/generate-codegen-artifacts.js -p /Users/tusm/Documents/MetaID_Projects/IDChat-APP/ios/.. -o /Users/tusm/Documents/MetaID_Projects/IDChat-APP/ios -t ios
  No modules to process in combine-js-to-schema-cli. If this is unexpected, please check if you set up your NativeComponent correctly. See combine-js-to-schema.js for how codegen finds modules.
  [36m[1m[Codegen][0m Analyzing /Users/tusm/Documents/MetaID_Projects/IDChat-APP/package.json[0m
  [36m[1m[Codegen][0m [33mSearching for codegen-enabled libraries in the app.[0m
  [36m[1m[Codegen][0m [33mThe "codegenConfig" field is not defined in package.json. Assuming there is nothing to generate at the app level.[0m
  [36m[1m[Codegen][0m [33mSearching for codegen-enabled libraries in the project dependencies.[0m
  [36m[1m[Codegen][0m Found @react-native-async-storage/async-storage[0m
  [36m[1m[Codegen][0m Found expo-media-library[0m
  [36m[1m[Codegen][0m Found react-native[0m
  [36m[1m[Codegen][0m Found react-native-get-random-values[0m
  [36m[1m[Codegen][0m Found react-native-image-picker[0m
  [36m[1m[Codegen][0m Found react-native-pager-view[0m
  [36m[1m[Codegen][0m Found react-native-safe-area-context[0m
  [36m[1m[Codegen][0m Found react-native-screens[0m
  [36m[1m[Codegen][0m Found react-native-svg[0m
  [36m[1m[Codegen][0m Found react-native-vector-icons[0m
  [36m[1m[Codegen][0m Found react-native-webview[0m
  [36m[1m[Codegen][0m [33mSearching for codegen-enabled libraries in react-native.config.js[0m
  [36m[1m[Codegen][0m Processing rnasyncstorage[0m
  [36m[1m[Codegen][0m [33mSearching for podspec in the project dependencies.[0m
  [36m[1m[Codegen][0m Supported Apple platforms: ios, macos, tvos, visionos for rnasyncstorage[0m
  [36m[1m[Codegen][0m Processing expo-media-library[0m
  [36m[1m[Codegen][0m [33mSearching for podspec in the project dependencies.[0m
  [36m[1m[Codegen][0m Processing FBReactNativeSpec[0m
  [36m[1m[Codegen][0m [33mSearching for podspec in the project dependencies.[0m
  [36m[1m[Codegen][0m Processing rncore[0m
  [36m[1m[Codegen][0m [33mSearching for podspec in the project dependencies.[0m
  [36m[1m[Codegen][0m Processing RNGetRandomValuesSpec[0m
  [36m[1m[Codegen][0m [33mSearching for podspec in the project dependencies.[0m
  [36m[1m[Codegen][0m Supported Apple platforms: ios, macos, tvos, visionos for RNGetRandomValuesSpec[0m
  [36m[1m[Codegen][0m Processing RNImagePickerSpec[0m
  [36m[1m[Codegen][0m [33mSearching for podspec in the project dependencies.[0m
  [36m[1m[Codegen][0m Supported Apple platforms: ios for RNImagePickerSpec[0m
  [36m[1m[Codegen][0m Processing pagerview[0m
  [36m[1m[Codegen][0m [33mSearching for podspec in the project dependencies.[0m
  [36m[1m[Codegen][0m Supported Apple platforms: ios, visionos for pagerview[0m
  [36m[1m[Codegen][0m Processing safeareacontext[0m
  [36m[1m[Codegen][0m [33mSearching for podspec in the project dependencies.[0m
  [36m[1m[Codegen][0m Supported Apple platforms: ios, macos, tvos, visionos for safeareacontext[0m
  [36m[1m[Codegen][0m Processing rnscreens[0m
  [36m[1m[Codegen][0m [33mSearching for podspec in the project dependencies.[0m
  [36m[1m[Codegen][0m Supported Apple platforms: ios, tvos, visionos for rnscreens[0m
  [36m[1m[Codegen][0m Processing rnsvg[0m
  [36m[1m[Codegen][0m [33mSearching for podspec in the project dependencies.[0m
  [36m[1m[Codegen][0m Supported Apple platforms: ios, macos, tvos, visionos for rnsvg[0m
  [36m[1m[Codegen][0m Processing RNVectorIconsSpec[0m
  [36m[1m[Codegen][0m [33mSearching for podspec in the project dependencies.[0m
  [36m[1m[Codegen][0m Supported Apple platforms: ios, tvos, visionos for RNVectorIconsSpec[0m
  [36m[1m[Codegen][0m Processing RNCWebViewSpec[0m
  [36m[1m[Codegen][0m [33mSearching for podspec in the project dependencies.[0m
  [36m[1m[Codegen][0m Supported Apple platforms: ios, macos, visionos for RNCWebViewSpec[0m
  [36m[1m[Codegen][0m Generating Native Code for rnasyncstorage - ios[0m
  [36m[1m[Codegen][0m Generated artifacts: /Users/tusm/Documents/MetaID_Projects/IDChat-APP/ios/build/generated/ios[0m
  [36m[1m[Codegen][0m Generating Native Code for expo-media-library - ios[0m
  [36m[1m[Codegen][0m Generated artifacts: /Users/tusm/Documents/MetaID_Projects/IDChat-APP/ios/build/generated/ios[0m
  [36m[1m[Codegen][0m [33m[Codegen - FBReactNativeSpec] Skipping iOS code generation for FBReactNativeSpec as it has been generated already.[0m
  [36m[1m[Codegen][0m [33m[Codegen - rncore] Skipping iOS code generation for rncore as it has been generated already.[0m
  [36m[1m[Codegen][0m Generating Native Code for RNGetRandomValuesSpec - ios[0m
  [36m[1m[Codegen][0m Generated artifacts: /Users/tusm/Documents/MetaID_Projects/IDChat-APP/ios/build/generated/ios[0m
  [36m[1m[Codegen][0m Generating Native Code for RNImagePickerSpec - ios[0m
  [36m[1m[Codegen][0m Generated artifacts: /Users/tusm/Documents/MetaID_Projects/IDChat-APP/ios/build/generated/ios[0m
  [36m[1m[Codegen][0m Generating Native Code for pagerview - ios[0m
  [36m[1m[Codegen][0m Generated artifacts: /Users/tusm/Documents/MetaID_Projects/IDChat-APP/ios/build/generated/ios[0m
  [36m[1m[Codegen][0m Generating Native Code for safeareacontext - ios[0m
  [36m[1m[Codegen][0m Generated artifacts: /Users/tusm/Documents/MetaID_Projects/IDChat-APP/ios/build/generated/ios[0m
  [36m[1m[Codegen][0m Generating Native Code for rnscreens - ios[0m
  [36m[1m[Codegen][0m Generated artifacts: /Users/tusm/Documents/MetaID_Projects/IDChat-APP/ios/build/generated/ios[0m
  [36m[1m[Codegen][0m Generating Native Code for rnsvg - ios[0m
  [36m[1m[Codegen][0m Generated artifacts: /Users/tusm/Documents/MetaID_Projects/IDChat-APP/ios/build/generated/ios[0m
  [36m[1m[Codegen][0m Generating Native Code for RNVectorIconsSpec - ios[0m
  [36m[1m[Codegen][0m Generated artifacts: /Users/tusm/Documents/MetaID_Projects/IDChat-APP/ios/build/generated/ios[0m
  [36m[1m[Codegen][0m Generating Native Code for RNCWebViewSpec - ios[0m
  [36m[1m[Codegen][0m Generated artifacts: /Users/tusm/Documents/MetaID_Projects/IDChat-APP/ios/build/generated/ios[0m
  [36m[1m[Codegen][0m Generating RCTThirdPartyComponentsProvider.h[0m
  [36m[1m[Codegen][0m Generated artifact: /Users/tusm/Documents/MetaID_Projects/IDChat-APP/ios/build/generated/ios/RCTThirdPartyComponentsProvider.h[0m
  [36m[1m[Codegen][0m Generating RCTThirdPartyComponentsProvider.mm[0m
  [36m[1m[Codegen][0m Crawling react-native-webview library for components[0m
  [36m[1m[Codegen][0m Match found RNCWebView -> RNCWebView[0m
  [36m[1m[Codegen][0m [33m[DEPRECATED] react-native-webview should add the 'ios.componentProvider' property in their codegenConfig[0m
  [36m[1m[Codegen][0m Generated artifact: /Users/tusm/Documents/MetaID_Projects/IDChat-APP/ios/build/generated/ios/RCTThirdPartyComponentsProvider.mm[0m
  [36m[1m[Codegen][0m Generating RCTModulesProvider.h[0m
  [36m[1m[Codegen][0m Generated artifact: /Users/tusm/Documents/MetaID_Projects/IDChat-APP/ios/build/generated/ios/RCTModuleProviders.h[0m
  [36m[1m[Codegen][0m Generating RCTModuleProviders.mm[0m
  [36m[1m[Codegen][0m Generated artifact: /Users/tusm/Documents/MetaID_Projects/IDChat-APP/ios/build/generated/ios/RCTModuleProviders.mm[0m
  [36m[1m[Codegen][0m Generating RCTAppDependencyProvider[0m
  [36m[1m[Codegen][0m Generated artifact: /Users/tusm/Documents/MetaID_Projects/IDChat-APP/ios/build/generated/ios/RCTAppDependencyProvider.h[0m
  [36m[1m[Codegen][0m Generated artifact: /Users/tusm/Documents/MetaID_Projects/IDChat-APP/ios/build/generated/ios/RCTAppDependencyProvider.mm[0m
  [36m[1m[Codegen][0m Generated podspec: /Users/tusm/Documents/MetaID_Projects/IDChat-APP/ios/build/generated/ios/ReactAppDependencyProvider.podspec[0m
  [36m[1m[Codegen][0m Generated podspec: /Users/tusm/Documents/MetaID_Projects/IDChat-APP/ios/build/generated/ios/ReactCodegen.podspec[0m
  [36m[1m[Codegen][0m [33mDone.[0m
[36m[1m[Codegen][0m Analyzing /Users/tusm/Documents/MetaID_Projects/IDChat-APP/package.json[0m
[36m[1m[Codegen][0m [33mSearching for codegen-enabled libraries in the app.[0m
[36m[1m[Codegen][0m [33mThe "codegenConfig" field is not defined in package.json. Assuming there is nothing to generate at the app level.[0m
[36m[1m[Codegen][0m [33mSearching for codegen-enabled libraries in the project dependencies.[0m
[36m[1m[Codegen][0m Found @react-native-async-storage/async-storage[0m
[36m[1m[Codegen][0m Found expo-media-library[0m
[36m[1m[Codegen][0m Found react-native[0m
[36m[1m[Codegen][0m Found react-native-get-random-values[0m
[36m[1m[Codegen][0m Found react-native-image-picker[0m
[36m[1m[Codegen][0m Found react-native-pager-view[0m
[36m[1m[Codegen][0m Found react-native-safe-area-context[0m
[36m[1m[Codegen][0m Found react-native-screens[0m
[36m[1m[Codegen][0m Found react-native-svg[0m
[36m[1m[Codegen][0m Found react-native-vector-icons[0m
[36m[1m[Codegen][0m Found react-native-webview[0m
[36m[1m[Codegen][0m [33mSearching for codegen-enabled libraries in react-native.config.js[0m
[36m[1m[Codegen][0m Processing rnasyncstorage[0m
[36m[1m[Codegen][0m [33mSearching for podspec in the project dependencies.[0m
[36m[1m[Codegen][0m Supported Apple platforms: ios, macos, tvos, visionos for rnasyncstorage[0m
[36m[1m[Codegen][0m Processing expo-media-library[0m
[36m[1m[Codegen][0m [33mSearching for podspec in the project dependencies.[0m
[36m[1m[Codegen][0m Processing FBReactNativeSpec[0m
[36m[1m[Codegen][0m [33mSearching for podspec in the project dependencies.[0m
[36m[1m[Codegen][0m Processing rncore[0m
[36m[1m[Codegen][0m [33mSearching for podspec in the project dependencies.[0m
[36m[1m[Codegen][0m Processing RNGetRandomValuesSpec[0m
[36m[1m[Codegen][0m [33mSearching for podspec in the project dependencies.[0m
[36m[1m[Codegen][0m Supported Apple platforms: ios, macos, tvos, visionos for RNGetRandomValuesSpec[0m
[36m[1m[Codegen][0m Processing RNImagePickerSpec[0m
[36m[1m[Codegen][0m [33mSearching for podspec in the project dependencies.[0m
[36m[1m[Codegen][0m Supported Apple platforms: ios for RNImagePickerSpec[0m
[36m[1m[Codegen][0m Processing pagerview[0m
[36m[1m[Codegen][0m [33mSearching for podspec in the project dependencies.[0m
[36m[1m[Codegen][0m Supported Apple platforms: ios, visionos for pagerview[0m
[36m[1m[Codegen][0m Processing safeareacontext[0m
[36m[1m[Codegen][0m [33mSearching for podspec in the project dependencies.[0m
[36m[1m[Codegen][0m Supported Apple platforms: ios, macos, tvos, visionos for safeareacontext[0m
[36m[1m[Codegen][0m Processing rnscreens[0m
[36m[1m[Codegen][0m [33mSearching for podspec in the project dependencies.[0m
[36m[1m[Codegen][0m Supported Apple platforms: ios, tvos, visionos for rnscreens[0m
[36m[1m[Codegen][0m Processing rnsvg[0m
[36m[1m[Codegen][0m [33mSearching for podspec in the project dependencies.[0m
[36m[1m[Codegen][0m Supported Apple platforms: ios, macos, tvos, visionos for rnsvg[0m
[36m[1m[Codegen][0m Processing RNVectorIconsSpec[0m
[36m[1m[Codegen][0m [33mSearching for podspec in the project dependencies.[0m
[36m[1m[Codegen][0m Supported Apple platforms: ios, tvos, visionos for RNVectorIconsSpec[0m
[36m[1m[Codegen][0m Processing RNCWebViewSpec[0m
[36m[1m[Codegen][0m [33mSearching for podspec in the project dependencies.[0m
[36m[1m[Codegen][0m Supported Apple platforms: ios, macos, visionos for RNCWebViewSpec[0m
[36m[1m[Codegen][0m Generating Native Code for rnasyncstorage - ios[0m
[36m[1m[Codegen][0m Generated artifacts: /Users/tusm/Documents/MetaID_Projects/IDChat-APP/ios/build/generated/ios[0m
[36m[1m[Codegen][0m Generating Native Code for expo-media-library - ios[0m
[36m[1m[Codegen][0m Generated artifacts: /Users/tusm/Documents/MetaID_Projects/IDChat-APP/ios/build/generated/ios[0m
[36m[1m[Codegen][0m [33m[Codegen - FBReactNativeSpec] Skipping iOS code generation for FBReactNativeSpec as it has been generated already.[0m
[36m[1m[Codegen][0m [33m[Codegen - rncore] Skipping iOS code generation for rncore as it has been generated already.[0m
[36m[1m[Codegen][0m Generating Native Code for RNGetRandomValuesSpec - ios[0m
[36m[1m[Codegen][0m Generated artifacts: /Users/tusm/Documents/MetaID_Projects/IDChat-APP/ios/build/generated/ios[0m
[36m[1m[Codegen][0m Generating Native Code for RNImagePickerSpec - ios[0m
[36m[1m[Codegen][0m Generated artifacts: /Users/tusm/Documents/MetaID_Projects/IDChat-APP/ios/build/generated/ios[0m
[36m[1m[Codegen][0m Generating Native Code for pagerview - ios[0m
[36m[1m[Codegen][0m Generated artifacts: /Users/tusm/Documents/MetaID_Projects/IDChat-APP/ios/build/generated/ios[0m
[36m[1m[Codegen][0m Generating Native Code for safeareacontext - ios[0m
[36m[1m[Codegen][0m Generated artifacts: /Users/tusm/Documents/MetaID_Projects/IDChat-APP/ios/build/generated/ios[0m
[36m[1m[Codegen][0m Generating Native Code for rnscreens - ios[0m
[36m[1m[Codegen][0m Generated artifacts: /Users/tusm/Documents/MetaID_Projects/IDChat-APP/ios/build/generated/ios[0m
[36m[1m[Codegen][0m Generating Native Code for rnsvg - ios[0m
[36m[1m[Codegen][0m Generated artifacts: /Users/tusm/Documents/MetaID_Projects/IDChat-APP/ios/build/generated/ios[0m
[36m[1m[Codegen][0m Generating Native Code for RNVectorIconsSpec - ios[0m
[36m[1m[Codegen][0m Generated artifacts: /Users/tusm/Documents/MetaID_Projects/IDChat-APP/ios/build/generated/ios[0m
[36m[1m[Codegen][0m Generating Native Code for RNCWebViewSpec - ios[0m
[36m[1m[Codegen][0m Generated artifacts: /Users/tusm/Documents/MetaID_Projects/IDChat-APP/ios/build/generated/ios[0m
[36m[1m[Codegen][0m Generating RCTThirdPartyComponentsProvider.h[0m
[36m[1m[Codegen][0m Generated artifact: /Users/tusm/Documents/MetaID_Projects/IDChat-APP/ios/build/generated/ios/RCTThirdPartyComponentsProvider.h[0m
[36m[1m[Codegen][0m Generating RCTThirdPartyComponentsProvider.mm[0m
[36m[1m[Codegen][0m Crawling react-native-webview library for components[0m
[36m[1m[Codegen][0m Match found RNCWebView -> RNCWebView[0m
[36m[1m[Codegen][0m [33m[DEPRECATED] react-native-webview should add the 'ios.componentProvider' property in their codegenConfig[0m
[36m[1m[Codegen][0m Generated artifact: /Users/tusm/Documents/MetaID_Projects/IDChat-APP/ios/build/generated/ios/RCTThirdPartyComponentsProvider.mm[0m
[36m[1m[Codegen][0m Generating RCTModulesProvider.h[0m
[36m[1m[Codegen][0m Generated artifact: /Users/tusm/Documents/MetaID_Projects/IDChat-APP/ios/build/generated/ios/RCTModuleProviders.h[0m
[36m[1m[Codegen][0m Generating RCTModuleProviders.mm[0m
[36m[1m[Codegen][0m Generated artifact: /Users/tusm/Documents/MetaID_Projects/IDChat-APP/ios/build/generated/ios/RCTModuleProviders.mm[0m
[36m[1m[Codegen][0m Generating RCTAppDependencyProvider[0m
[36m[1m[Codegen][0m Generated artifact: /Users/tusm/Documents/MetaID_Projects/IDChat-APP/ios/build/generated/ios/RCTAppDependencyProvider.h[0m
[36m[1m[Codegen][0m Generated artifact: /Users/tusm/Documents/MetaID_Projects/IDChat-APP/ios/build/generated/ios/RCTAppDependencyProvider.mm[0m
[36m[1m[Codegen][0m Generated podspec: /Users/tusm/Documents/MetaID_Projects/IDChat-APP/ios/build/generated/ios/ReactAppDependencyProvider.podspec[0m
[36m[1m[Codegen][0m Generated podspec: /Users/tusm/Documents/MetaID_Projects/IDChat-APP/ios/build/generated/ios/ReactCodegen.podspec[0m
[36m[1m[Codegen][0m [33mDone.[0m
No modules to process in combine-js-to-schema-cli. If this is unexpected, please check if you set up your NativeComponent correctly. See combine-js-to-schema.js for how codegen finds modules.
  Preparing

Updating local specs repositories
  CDN: trunk Relative path: CocoaPods-version.yml exists! Returning local because checking is only performed in repo update

Updating spec repo `trunk`
  CDN: trunk Relative path: deprecated_podspecs.txt, has ETag? W/"6a2d6936-dcc08"
  CDN: trunk Relative path not modified: deprecated_podspecs.txt
  CDN: trunk Going to update 14 files
  CDN: trunk Relative path: CocoaPods-version.yml, has ETag? "6a2d6936-38"
  CDN: trunk Relative path: all_pods_versions_0_2_a.txt, has ETag? W/"6a2d6936-71b"
  CDN: trunk Relative path: all_pods_versions_1_1_7.txt, has ETag? W/"6a2d6936-dfb"
  CDN: trunk Relative path: all_pods_versions_1_9_2.txt, has ETag? W/"6a2d6936-26e"
  CDN: trunk Relative path: all_pods_versions_3_7_e.txt, has ETag? W/"6a2d6936-961"
  CDN: trunk Relative path: all_pods_versions_5_7_c.txt, has ETag? W/"6a2d6936-113c"
  CDN: trunk Relative path: all_pods_versions_a_0_c.txt, has ETag? W/"6a2d6936-67d"
  CDN: trunk Relative path: all_pods_versions_a_3_e.txt, has ETag? W/"6a2d6936-d60"
  CDN: trunk Relative path: all_pods_versions_a_9_3.txt, has ETag? W/"6a2d6936-8ce"
  CDN: trunk Relative path: all_pods_versions_b_2_b.txt, has ETag? W/"6a2d6936-31c"
  CDN: trunk Relative path: all_pods_versions_e_9_d.txt, has ETag? W/"6a2d6936-5ed"
  CDN: trunk Relative path: all_pods_versions_f_3_c.txt, has ETag? W/"6a2d6936-785"
  CDN: trunk Relative path: all_pods_versions_f_4_e.txt, has ETag? W/"6a2d6936-752"
  CDN: trunk Relative path: all_pods_versions_f_d_e.txt, has ETag? W/"6a2d6936-8ff"
  CDN: trunk Relative path not modified: CocoaPods-version.yml
  CDN: trunk Relative path not modified: all_pods_versions_1_1_7.txt
  CDN: trunk Relative path not modified: all_pods_versions_1_9_2.txt
  CDN: trunk Relative path not modified: all_pods_versions_e_9_d.txt
  CDN: trunk Relative path not modified: all_pods_versions_0_2_a.txt
  CDN: trunk Relative path not modified: all_pods_versions_f_4_e.txt
  CDN: trunk Relative path not modified: all_pods_versions_5_7_c.txt
  CDN: trunk Relative path not modified: all_pods_versions_3_7_e.txt
  CDN: trunk Relative path not modified: all_pods_versions_a_0_c.txt
  CDN: trunk Relative path not modified: all_pods_versions_a_9_3.txt
  CDN: trunk Relative path not modified: all_pods_versions_f_3_c.txt
  CDN: trunk Relative path not modified: all_pods_versions_f_d_e.txt
  CDN: trunk Relative path not modified: all_pods_versions_a_3_e.txt
  CDN: trunk Relative path not modified: all_pods_versions_b_2_b.txt

Analyzing dependencies

Inspecting targets to integrate
  Using `ARCHS` setting to build architectures of target `Pods-IDChat`: (``)

Finding Podfile changes
  A ExpoImage
  - Burnt
  - DoubleConversion
  - EXApplication
  - EXConstants
  - EXImageLoader
  - EXNotifications
  - Expo
  - ExpoAsset
  - ExpoCamera
  - ExpoClipboard
  - ExpoCrypto
  - ExpoDevice
  - ExpoFileSystem
  - ExpoFont
  - ExpoImageManipulator
  - ExpoImagePicker
  - ExpoKeepAwake
  - ExpoLinearGradient
  - ExpoMediaLibrary
  - ExpoModulesCore
  - ExpoSQLite
  - FBLazyVector
  - RCT-Folly
  - RCTDeprecation
  - RCTRequired
  - RCTTypeSafety
  - RNCAsyncStorage
  - RNCMaskedView
  - RNSVG
  - RNScreens
  - RNVectorIcons
  - React
  - React-Core
  - React-CoreModules
  - React-Fabric
  - React-FabricComponents
  - React-FabricImage
  - React-ImageManager
  - React-Mapbuffer
  - React-NativeModulesApple
  - React-RCTActionSheet
  - React-RCTAnimation
  - React-RCTAppDelegate
  - React-RCTBlob
  - React-RCTFBReactNativeSpec
  - React-RCTFabric
  - React-RCTImage
  - React-RCTLinking
  - React-RCTNetwork
  - React-RCTRuntime
  - React-RCTSettings
  - React-RCTText
  - React-RCTVibration
  - React-RuntimeApple
  - React-RuntimeCore
  - React-RuntimeHermes
  - React-callinvoker
  - React-cxxreact
  - React-debug
  - React-defaultsnativemodule
  - React-domnativemodule
  - React-featureflags
  - React-featureflagsnativemodule
  - React-graphics
  - React-hermes
  - React-idlecallbacksnativemodule
  - React-jserrorhandler
  - React-jsi
  - React-jsiexecutor
  - React-jsinspector
  - React-jsinspectortracing
  - React-jsitooling
  - React-jsitracing
  - React-logger
  - React-microtasksnativemodule
  - React-oscompat
  - React-perflogger
  - React-performancetimeline
  - React-rendererconsistency
  - React-renderercss
  - React-rendererdebug
  - React-rncore
  - React-runtimeexecutor
  - React-runtimescheduler
  - React-timing
  - React-utils
  - ReactAppDependencyProvider
  - ReactCodegen
  - ReactCommon
  - Yoga
  - boost
  - fast_float
  - fmt
  - glog
  - hermes-engine
  - react-native-get-random-values
  - react-native-image-picker
  - react-native-pager-view
  - react-native-safe-area-context
  - react-native-webview

Fetching external sources
-> Fetching podspec for `Burnt` from `../node_modules/burnt/ios`
-> Fetching podspec for `EXApplication` from `../node_modules/expo-application/ios`
-> Fetching podspec for `EXConstants` from `../node_modules/expo-constants/ios`
-> Fetching podspec for `EXImageLoader` from `../node_modules/expo-image-loader/ios`
-> Fetching podspec for `EXNotifications` from `../node_modules/expo-notifications/ios`
-> Fetching podspec for `Expo` from `../node_modules/expo`
-> Fetching podspec for `ExpoAsset` from `../node_modules/expo-asset/ios`
-> Fetching podspec for `ExpoCamera` from `../node_modules/expo-camera/ios`
-> Fetching podspec for `ExpoClipboard` from `../node_modules/expo-clipboard/ios`
-> Fetching podspec for `ExpoCrypto` from `../node_modules/expo-crypto/ios`
-> Fetching podspec for `ExpoDevice` from `../node_modules/expo-device/ios`
-> Fetching podspec for `ExpoFileSystem` from `../node_modules/expo-file-system/ios`
-> Fetching podspec for `ExpoFont` from `../node_modules/expo-font/ios`
-> Fetching podspec for `ExpoImage` from `../node_modules/expo-image/ios`
-> Fetching podspec for `ExpoImageManipulator` from `../node_modules/expo-image-manipulator/ios`
-> Fetching podspec for `ExpoImagePicker` from `../node_modules/expo-image-picker/ios`
-> Fetching podspec for `ExpoKeepAwake` from `../node_modules/expo-keep-awake/ios`
-> Fetching podspec for `ExpoLinearGradient` from `../node_modules/expo-linear-gradient/ios`
-> Fetching podspec for `ExpoMediaLibrary` from `../node_modules/expo-media-library/ios`
-> Fetching podspec for `ExpoModulesCore` from `../node_modules/expo-modules-core`
-> Fetching podspec for `ExpoSQLite` from `../node_modules/expo-sqlite/ios`
  SQLite build flags: -DHAVE_USLEEP=1 -DSQLITE_ENABLE_LOCKING_STYLE=0 -DSQLITE_ENABLE_BYTECODE_VTAB=1 -DSQLITE_TEMP_STORE=2 -DSQLITE_ENABLE_SESSION=1 -DSQLITE_ENABLE_PREUPDATE_HOOK=1 -DSQLITE_ENABLE_FTS4=1 -DSQLITE_ENABLE_FTS3_PARENTHESIS=1 -DSQLITE_ENABLE_FTS5=1
-> Fetching podspec for `FBLazyVector` from `../node_modules/react-native/Libraries/FBLazyVector`
-> Fetching podspec for `RCTDeprecation` from `../node_modules/react-native/ReactApple/Libraries/RCTFoundation/RCTDeprecation`
-> Fetching podspec for `RCTRequired` from `../node_modules/react-native/Libraries/Required`
-> Fetching podspec for `RCTTypeSafety` from `../node_modules/react-native/Libraries/TypeSafety`
-> Fetching podspec for `RNCAsyncStorage` from `../node_modules/@react-native-async-storage/async-storage`
-> Fetching podspec for `RNCMaskedView` from `../node_modules/@react-native-masked-view/masked-view`
-> Fetching podspec for `RNSVG` from `../node_modules/react-native-svg`
-> Fetching podspec for `RNScreens` from `../node_modules/react-native-screens`
-> Fetching podspec for `RNVectorIcons` from `../node_modules/react-native-vector-icons`
-> Fetching podspec for `React` from `../node_modules/react-native/`
-> Fetching podspec for `React-Core` from `../node_modules/react-native/`
-> Fetching podspec for `React-CoreModules` from `../node_modules/react-native/React/CoreModules`
-> Fetching podspec for `React-Fabric` from `../node_modules/react-native/ReactCommon`
-> Fetching podspec for `React-FabricComponents` from `../node_modules/react-native/ReactCommon`
-> Fetching podspec for `React-FabricImage` from `../node_modules/react-native/ReactCommon`
-> Fetching podspec for `React-ImageManager` from `../node_modules/react-native/ReactCommon/react/renderer/imagemanager/platform/ios`
-> Fetching podspec for `React-Mapbuffer` from `../node_modules/react-native/ReactCommon`
-> Fetching podspec for `React-NativeModulesApple` from `../node_modules/react-native/ReactCommon/react/nativemodule/core/platform/ios`
-> Fetching podspec for `React-RCTActionSheet` from `../node_modules/react-native/Libraries/ActionSheetIOS`
-> Fetching podspec for `React-RCTAnimation` from `../node_modules/react-native/Libraries/NativeAnimation`
-> Fetching podspec for `React-RCTAppDelegate` from `../node_modules/react-native/Libraries/AppDelegate`
-> Fetching podspec for `React-RCTBlob` from `../node_modules/react-native/Libraries/Blob`
-> Fetching podspec for `React-RCTFBReactNativeSpec` from `../node_modules/react-native/React`
-> Fetching podspec for `React-RCTFabric` from `../node_modules/react-native/React`
-> Fetching podspec for `React-RCTImage` from `../node_modules/react-native/Libraries/Image`
-> Fetching podspec for `React-RCTLinking` from `../node_modules/react-native/Libraries/LinkingIOS`
-> Fetching podspec for `React-RCTNetwork` from `../node_modules/react-native/Libraries/Network`
-> Fetching podspec for `React-RCTRuntime` from `../node_modules/react-native/React/Runtime`
-> Fetching podspec for `React-RCTSettings` from `../node_modules/react-native/Libraries/Settings`
-> Fetching podspec for `React-RCTText` from `../node_modules/react-native/Libraries/Text`
-> Fetching podspec for `React-RCTVibration` from `../node_modules/react-native/Libraries/Vibration`
-> Fetching podspec for `React-RuntimeApple` from `../node_modules/react-native/ReactCommon/react/runtime/platform/ios`
-> Fetching podspec for `React-RuntimeCore` from `../node_modules/react-native/ReactCommon/react/runtime`
-> Fetching podspec for `React-RuntimeHermes` from `../node_modules/react-native/ReactCommon/react/runtime`
-> Fetching podspec for `React-callinvoker` from `../node_modules/react-native/ReactCommon/callinvoker`
-> Fetching podspec for `React-cxxreact` from `../node_modules/react-native/ReactCommon/cxxreact`
-> Fetching podspec for `React-debug` from `../node_modules/react-native/ReactCommon/react/debug`
-> Fetching podspec for `React-defaultsnativemodule` from `../node_modules/react-native/ReactCommon/react/nativemodule/defaults`
-> Fetching podspec for `React-domnativemodule` from `../node_modules/react-native/ReactCommon/react/nativemodule/dom`
-> Fetching podspec for `React-featureflags` from `../node_modules/react-native/ReactCommon/react/featureflags`
-> Fetching podspec for `React-featureflagsnativemodule` from `../node_modules/react-native/ReactCommon/react/nativemodule/featureflags`
-> Fetching podspec for `React-graphics` from `../node_modules/react-native/ReactCommon/react/renderer/graphics`
-> Fetching podspec for `React-hermes` from `../node_modules/react-native/ReactCommon/hermes`
-> Fetching podspec for `React-idlecallbacksnativemodule` from `../node_modules/react-native/ReactCommon/react/nativemodule/idlecallbacks`
-> Fetching podspec for `React-jserrorhandler` from `../node_modules/react-native/ReactCommon/jserrorhandler`
-> Fetching podspec for `React-jsi` from `../node_modules/react-native/ReactCommon/jsi`
-> Fetching podspec for `React-jsiexecutor` from `../node_modules/react-native/ReactCommon/jsiexecutor`
-> Fetching podspec for `React-jsinspector` from `../node_modules/react-native/ReactCommon/jsinspector-modern`
-> Fetching podspec for `React-jsinspectortracing` from `../node_modules/react-native/ReactCommon/jsinspector-modern/tracing`
-> Fetching podspec for `React-jsitooling` from `../node_modules/react-native/ReactCommon/jsitooling`
-> Fetching podspec for `React-jsitracing` from `../node_modules/react-native/ReactCommon/hermes/executor/`
-> Fetching podspec for `React-logger` from `../node_modules/react-native/ReactCommon/logger`
-> Fetching podspec for `React-microtasksnativemodule` from `../node_modules/react-native/ReactCommon/react/nativemodule/microtasks`
-> Fetching podspec for `React-oscompat` from `../node_modules/react-native/ReactCommon/oscompat`
-> Fetching podspec for `React-perflogger` from `../node_modules/react-native/ReactCommon/reactperflogger`
-> Fetching podspec for `React-performancetimeline` from `../node_modules/react-native/ReactCommon/react/performance/timeline`
-> Fetching podspec for `React-rendererconsistency` from `../node_modules/react-native/ReactCommon/react/renderer/consistency`
-> Fetching podspec for `React-renderercss` from `../node_modules/react-native/ReactCommon/react/renderer/css`
-> Fetching podspec for `React-rendererdebug` from `../node_modules/react-native/ReactCommon/react/renderer/debug`
-> Fetching podspec for `React-rncore` from `../node_modules/react-native/ReactCommon`
-> Fetching podspec for `React-runtimeexecutor` from `../node_modules/react-native/ReactCommon/runtimeexecutor`
-> Fetching podspec for `React-runtimescheduler` from `../node_modules/react-native/ReactCommon/react/renderer/runtimescheduler`
-> Fetching podspec for `React-timing` from `../node_modules/react-native/ReactCommon/react/timing`
-> Fetching podspec for `React-utils` from `../node_modules/react-native/ReactCommon/react/utils`
-> Fetching podspec for `ReactAppDependencyProvider` from `build/generated/ios`
-> Fetching podspec for `ReactCodegen` from `build/generated/ios`
-> Fetching podspec for `ReactCommon` from `../node_modules/react-native/ReactCommon`
-> Fetching podspec for `Yoga` from `../node_modules/react-native/ReactCommon/yoga`
-> Fetching podspec for `react-native-get-random-values` from `../node_modules/react-native-get-random-values`
-> Fetching podspec for `react-native-image-picker` from `../node_modules/react-native-image-picker`
-> Fetching podspec for `react-native-pager-view` from `../node_modules/react-native-pager-view`
-> Fetching podspec for `react-native-safe-area-context` from `../node_modules/react-native-safe-area-context`
-> Fetching podspec for `react-native-webview` from `../node_modules/react-native-webview`

Resolving dependencies of `Podfile`
  CDN: trunk Relative path: all_pods_versions_f_3_c.txt modified during this run! Returning local
  CDN: trunk Relative path: Specs/f/3/c/ZXingObjC/3.6.9/ZXingObjC.podspec.json exists! Returning local because checking is only performed in repo update
  CDN: trunk Relative path: Specs/f/3/c/ZXingObjC/3.6.9/ZXingObjC.podspec.json exists! Returning local because checking is only performed in repo update
  CDN: trunk Relative path: Specs/f/3/c/ZXingObjC/3.6.9/ZXingObjC.podspec.json exists! Returning local because checking is only performed in repo update
  CDN: trunk Relative path: all_pods_versions_a_9_3.txt modified during this run! Returning local
  CDN: trunk Relative path: Specs/a/9/3/SocketRocket/0.7.1/SocketRocket.podspec.json exists! Returning local because checking is only performed in repo update
  CDN: trunk Relative path: all_pods_versions_1_1_7.txt modified during this run! Returning local
  CDN: trunk Relative path: Specs/1/1/7/SDWebImage/5.21.7/SDWebImage.podspec.json exists! Returning local because checking is only performed in repo update
  CDN: trunk Relative path: all_pods_versions_3_7_e.txt modified during this run! Returning local
  CDN: trunk Relative path: Specs/3/7/e/SDWebImageAVIFCoder/0.12.0/SDWebImageAVIFCoder.podspec.json exists! Returning local because checking is only performed in repo update
  CDN: trunk Relative path: all_pods_versions_a_0_c.txt modified during this run! Returning local
  CDN: trunk Relative path: Specs/a/0/c/SDWebImageSVGCoder/1.8.0/SDWebImageSVGCoder.podspec.json exists! Returning local because checking is only performed in repo update
  CDN: trunk Relative path: all_pods_versions_e_9_d.txt modified during this run! Returning local
  CDN: trunk Relative path: Specs/e/9/d/SDWebImageWebPCoder/0.15.0/SDWebImageWebPCoder.podspec.json exists! Returning local because checking is only performed in repo update
  CDN: trunk Relative path: all_pods_versions_f_d_e.txt modified during this run! Returning local
  CDN: trunk Relative path: Specs/f/d/e/libavif/1.0.0/libavif.podspec.json exists! Returning local because checking is only performed in repo update
  CDN: trunk Relative path: Specs/f/d/e/libavif/0.1.0/libavif.podspec.json exists! Returning local because checking is only performed in repo update
  CDN: trunk Relative path: Specs/f/d/e/libavif/0.1.1/libavif.podspec.json exists! Returning local because checking is only performed in repo update
  CDN: trunk Relative path: Specs/f/d/e/libavif/0.1.2/libavif.podspec.json exists! Returning local because checking is only performed in repo update
  CDN: trunk Relative path: Specs/f/d/e/libavif/0.1.3/libavif.podspec.json exists! Returning local because checking is only performed in repo update
  CDN: trunk Relative path: Specs/f/d/e/libavif/0.1.4/libavif.podspec.json exists! Returning local because checking is only performed in repo update
  CDN: trunk Relative path: Specs/f/d/e/libavif/0.2.0/libavif.podspec.json exists! Returning local because checking is only performed in repo update
  CDN: trunk Relative path: Specs/f/d/e/libavif/0.3.0/libavif.podspec.json exists! Returning local because checking is only performed in repo update
  CDN: trunk Relative path: Specs/f/d/e/libavif/0.3.11/libavif.podspec.json exists! Returning local because checking is only performed in repo update
  CDN: trunk Relative path: Specs/f/d/e/libavif/0.4.0/libavif.podspec.json exists! Returning local because checking is only performed in repo update
  CDN: trunk Relative path: Specs/f/d/e/libavif/0.4.1/libavif.podspec.json exists! Returning local because checking is only performed in repo update
  CDN: trunk Relative path: Specs/f/d/e/libavif/0.4.2/libavif.podspec.json exists! Returning local because checking is only performed in repo update
  CDN: trunk Relative path: Specs/f/d/e/libavif/0.4.3/libavif.podspec.json exists! Returning local because checking is only performed in repo update
  CDN: trunk Relative path: Specs/f/d/e/libavif/0.4.4/libavif.podspec.json exists! Returning local because checking is only performed in repo update
  CDN: trunk Relative path: Specs/f/d/e/libavif/0.4.5/libavif.podspec.json exists! Returning local because checking is only performed in repo update
  CDN: trunk Relative path: Specs/f/d/e/libavif/0.4.6/libavif.podspec.json exists! Returning local because checking is only performed in repo update
  CDN: trunk Relative path: Specs/f/d/e/libavif/0.4.7/libavif.podspec.json exists! Returning local because checking is only performed in repo update
  CDN: trunk Relative path: Specs/f/d/e/libavif/0.4.8/libavif.podspec.json exists! Returning local because checking is only performed in repo update
  CDN: trunk Relative path: Specs/f/d/e/libavif/0.5.0/libavif.podspec.json exists! Returning local because checking is only performed in repo update
  CDN: trunk Relative path: Specs/f/d/e/libavif/0.5.1/libavif.podspec.json exists! Returning local because checking is only performed in repo update
  CDN: trunk Relative path: Specs/f/d/e/libavif/0.5.2/libavif.podspec.json exists! Returning local because checking is only performed in repo update
  CDN: trunk Relative path: Specs/f/d/e/libavif/0.5.3/libavif.podspec.json exists! Returning local because checking is only performed in repo update
  CDN: trunk Relative path: Specs/f/d/e/libavif/0.5.4/libavif.podspec.json exists! Returning local because checking is only performed in repo update
  CDN: trunk Relative path: Specs/f/d/e/libavif/0.5.5/libavif.podspec.json exists! Returning local because checking is only performed in repo update
  CDN: trunk Relative path: Specs/f/d/e/libavif/0.5.6/libavif.podspec.json exists! Returning local because checking is only performed in repo update
  CDN: trunk Relative path: Specs/f/d/e/libavif/0.5.7/libavif.podspec.json exists! Returning local because checking is only performed in repo update
  CDN: trunk Relative path: Specs/f/d/e/libavif/0.6.0/libavif.podspec.json exists! Returning local because checking is only performed in repo update
  CDN: trunk Relative path: Specs/f/d/e/libavif/0.6.1/libavif.podspec.json exists! Returning local because checking is only performed in repo update
  CDN: trunk Relative path: Specs/f/d/e/libavif/0.6.2/libavif.podspec.json exists! Returning local because checking is only performed in repo update
  CDN: trunk Relative path: Specs/f/d/e/libavif/0.6.3/libavif.podspec.json exists! Returning local because checking is only performed in repo update
  CDN: trunk Relative path: Specs/f/d/e/libavif/0.6.4/libavif.podspec.json exists! Returning local because checking is only performed in repo update
  CDN: trunk Relative path: Specs/f/d/e/libavif/0.7.0/libavif.podspec.json exists! Returning local because checking is only performed in repo update
  CDN: trunk Relative path: Specs/f/d/e/libavif/0.7.1/libavif.podspec.json exists! Returning local because checking is only performed in repo update
  CDN: trunk Relative path: Specs/f/d/e/libavif/0.7.2/libavif.podspec.json exists! Returning local because checking is only performed in repo update
  CDN: trunk Relative path: Specs/f/d/e/libavif/0.7.3/libavif.podspec.json exists! Returning local because checking is only performed in repo update
  CDN: trunk Relative path: Specs/f/d/e/libavif/0.8.0/libavif.podspec.json exists! Returning local because checking is only performed in repo update
  CDN: trunk Relative path: Specs/f/d/e/libavif/0.8.1/libavif.podspec.json exists! Returning local because checking is only performed in repo update
  CDN: trunk Relative path: Specs/f/d/e/libavif/0.8.2/libavif.podspec.json exists! Returning local because checking is only performed in repo update
  CDN: trunk Relative path: Specs/f/d/e/libavif/0.8.3/libavif.podspec.json exists! Returning local because checking is only performed in repo update
  CDN: trunk Relative path: Specs/f/d/e/libavif/0.8.4/libavif.podspec.json exists! Returning local because checking is only performed in repo update
  CDN: trunk Relative path: Specs/f/d/e/libavif/0.9.0/libavif.podspec.json exists! Returning local because checking is only performed in repo update
  CDN: trunk Relative path: Specs/f/d/e/libavif/0.9.1/libavif.podspec.json exists! Returning local because checking is only performed in repo update
  CDN: trunk Relative path: Specs/f/d/e/libavif/0.9.2/libavif.podspec.json exists! Returning local because checking is only performed in repo update
  CDN: trunk Relative path: Specs/f/d/e/libavif/0.9.3/libavif.podspec.json exists! Returning local because checking is only performed in repo update
  CDN: trunk Relative path: Specs/f/d/e/libavif/0.10.0/libavif.podspec.json exists! Returning local because checking is only performed in repo update
  CDN: trunk Relative path: Specs/f/d/e/libavif/0.10.1/libavif.podspec.json exists! Returning local because checking is only performed in repo update
  CDN: trunk Relative path: Specs/f/d/e/libavif/0.11.0-rc1/libavif.podspec.json exists! Returning local because checking is only performed in repo update
  CDN: trunk Relative path: Specs/f/d/e/libavif/0.11.0/libavif.podspec.json exists! Returning local because checking is only performed in repo update
  CDN: trunk Relative path: Specs/f/d/e/libavif/0.11.1/libavif.podspec.json exists! Returning local because checking is only performed in repo update
  CDN: trunk Relative path: Specs/f/d/e/libavif/1.0.0/libavif.podspec.json exists! Returning local because checking is only performed in repo update
  CDN: trunk Relative path: all_pods_versions_a_3_e.txt modified during this run! Returning local
  CDN: trunk Relative path: Specs/a/3/e/SPIndicator/1.6.4/SPIndicator.podspec.json exists! Returning local because checking is only performed in repo update
  CDN: trunk Relative path: all_pods_versions_5_7_c.txt modified during this run! Returning local
  CDN: trunk Relative path: Specs/5/7/c/SPAlert/5.1.8/SPAlert.podspec.json exists! Returning local because checking is only performed in repo update
[!] CocoaPods could not find compatible versions for pod "SDWebImageWebPCoder":
  In snapshot (Podfile.lock):
    SDWebImageWebPCoder (= 0.15.0)

  In Podfile:
    ExpoImage (from `../node_modules/expo-image/ios`) was resolved to 2.4.1, which depends on
      SDWebImageWebPCoder (~> 0.14.6)

    ExpoImageManipulator (from `../node_modules/expo-image-manipulator/ios`) was resolved to 13.1.7, which depends on
      SDWebImageWebPCoder


You have either:
 * changed the constraints of dependency `SDWebImageWebPCoder` inside your development pod `ExpoImageManipulator`.
   You should run `pod update SDWebImageWebPCoder` to apply changes you've made.

/opt/homebrew/Cellar/cocoapods/1.16.2_2/libexec/gems/molinillo-0.8.0/lib/molinillo/resolution.rb:317:in 'Molinillo::Resolver::Resolution#raise_error_unless_state'
/opt/homebrew/Cellar/cocoapods/1.16.2_2/libexec/gems/molinillo-0.8.0/lib/molinillo/resolution.rb:299:in 'block in Molinillo::Resolver::Resolution#unwind_for_conflict'
/opt/homebrew/Cellar/cocoapods/1.16.2_2/libexec/gems/molinillo-0.8.0/lib/molinillo/resolution.rb:297:in 'Kernel#tap'
/opt/homebrew/Cellar/cocoapods/1.16.2_2/libexec/gems/molinillo-0.8.0/lib/molinillo/resolution.rb:297:in 'Molinillo::Resolver::Resolution#unwind_for_conflict'
/opt/homebrew/Cellar/cocoapods/1.16.2_2/libexec/gems/molinillo-0.8.0/lib/molinillo/resolution.rb:257:in 'Molinillo::Resolver::Resolution#process_topmost_state'
/opt/homebrew/Cellar/cocoapods/1.16.2_2/libexec/gems/molinillo-0.8.0/lib/molinillo/resolution.rb:182:in 'Molinillo::Resolver::Resolution#resolve'
/opt/homebrew/Cellar/cocoapods/1.16.2_2/libexec/gems/molinillo-0.8.0/lib/molinillo/resolver.rb:43:in 'Molinillo::Resolver#resolve'
/opt/homebrew/Cellar/cocoapods/1.16.2_2/libexec/gems/cocoapods-1.16.2/lib/cocoapods/resolver.rb:94:in 'Pod::Resolver#resolve'
/opt/homebrew/Cellar/cocoapods/1.16.2_2/libexec/gems/cocoapods-1.16.2/lib/cocoapods/installer/analyzer.rb:1082:in 'block in Pod::Installer::Analyzer#resolve_dependencies'
/opt/homebrew/Cellar/cocoapods/1.16.2_2/libexec/gems/cocoapods-1.16.2/lib/cocoapods/user_interface.rb:64:in 'Pod::UserInterface.section'
/opt/homebrew/Cellar/cocoapods/1.16.2_2/libexec/gems/cocoapods-1.16.2/lib/cocoapods/installer/analyzer.rb:1080:in 'Pod::Installer::Analyzer#resolve_dependencies'
/opt/homebrew/Cellar/cocoapods/1.16.2_2/libexec/gems/cocoapods-1.16.2/lib/cocoapods/installer/analyzer.rb:125:in 'Pod::Installer::Analyzer#analyze'
/opt/homebrew/Cellar/cocoapods/1.16.2_2/libexec/gems/cocoapods-1.16.2/lib/cocoapods/installer.rb:422:in 'Pod::Installer#analyze'
/opt/homebrew/Cellar/cocoapods/1.16.2_2/libexec/gems/cocoapods-1.16.2/lib/cocoapods/installer.rb:244:in 'block in Pod::Installer#resolve_dependencies'
/opt/homebrew/Cellar/cocoapods/1.16.2_2/libexec/gems/cocoapods-1.16.2/lib/cocoapods/user_interface.rb:64:in 'Pod::UserInterface.section'
/opt/homebrew/Cellar/cocoapods/1.16.2_2/libexec/gems/cocoapods-1.16.2/lib/cocoapods/installer.rb:243:in 'Pod::Installer#resolve_dependencies'
/opt/homebrew/Cellar/cocoapods/1.16.2_2/libexec/gems/cocoapods-1.16.2/lib/cocoapods/installer.rb:162:in 'Pod::Installer#install!'
/opt/homebrew/Cellar/cocoapods/1.16.2_2/libexec/gems/cocoapods-1.16.2/lib/cocoapods/command/install.rb:52:in 'Pod::Command::Install#run'
/opt/homebrew/Cellar/cocoapods/1.16.2_2/libexec/gems/claide-1.1.0/lib/claide/command.rb:334:in 'CLAide::Command.run'
/opt/homebrew/Cellar/cocoapods/1.16.2_2/libexec/gems/cocoapods-1.16.2/lib/cocoapods/command.rb:52:in 'Pod::Command.run'
/opt/homebrew/Cellar/cocoapods/1.16.2_2/libexec/gems/cocoapods-1.16.2/bin/pod:55:in '<top (required)>'
/opt/homebrew/Cellar/ruby/4.0.5/lib/ruby/4.0.0/rubygems.rb:305:in 'Kernel#load'
/opt/homebrew/Cellar/ruby/4.0.5/lib/ruby/4.0.0/rubygems.rb:305:in 'Gem.activate_and_load_bin_path'
/opt/homebrew/Cellar/cocoapods/1.16.2_2/libexec/bin/pod:25:in '<main>'
