Starting project at /Users/tusm/Documents/MetaID_Projects/IDChat-APP
Starting Metro Bundler
warning: Bundler cache is empty, rebuilding (this may take a minute)
Waiting on http://localhost:8081
Logs for your project will appear below.
iOS ./index.js ░░░░░░░░░░░░░░░░  0.0% (0/1)
| (node:50010) Warning: The 'NO_COLOR' env is ignored due to the 'FORCE_COLOR' env being set.
iOS ./index.js ░░░░░░░░░░░░░░░░  0.0% (0/1)
| (Use `node --trace-warnings ...` to show where the warning was created)
| (node:50020) Warning: The 'NO_COLOR' env is ignored due to the 'FORCE_COLOR' env being set.
| (Use `node --trace-warnings ...` to show where the warning was created)
| (node:50025) Warning: The 'NO_COLOR' env is ignored due to the 'FORCE_COLOR' env being set.
| (Use `node --trace-warnings ...` to show where the warning was created)
| (node:50030) Warning: The 'NO_COLOR' env is ignored due to the 'FORCE_COLOR' env being set.
iOS ./index.js ▓▓░░░░░░░░░░░░░░ 13.2% ( 7/40)
| (Use `node --trace-warnings ...` to show where the warning was created)
| (node:50053) Warning: The 'NO_COLOR' env is ignored due to the 'FORCE_COLOR' env being set.
| (Use `node --trace-warnings ...` to show where the warning was created)
iOS ./index.js ▓▓▓░░░░░░░░░░░░░ 23.3% ( 80/240)
| (node:50037) Warning: The 'NO_COLOR' env is ignored due to the 'FORCE_COLOR' env being set.
| (Use `node --trace-warnings ...` to show where the warning was created)
iOS ./index.js ▓▓▓░░░░░░░░░░░░░ 23.3% (140/428)
iOS ./index.js ▓▓▓░░░░░░░░░░░░░ 23.3% (172/477)
iOS ./index.js ▓▓▓░░░░░░░░░░░░░ 23.3% (254/589)
iOS ./index.js ▓▓▓░░░░░░░░░░░░░ 23.3% (268/632)
iOS ./index.js ▓▓▓░░░░░░░░░░░░░ 23.3% (277/658)
iOS ./index.js ▓▓▓░░░░░░░░░░░░░ 23.3% (297/670)
iOS ./index.js ▓▓▓░░░░░░░░░░░░░ 23.3% (328/702)
iOS ./index.js ▓▓▓▓░░░░░░░░░░░░ 26.6% (376/729)
iOS ./index.js ▓▓▓▓▓░░░░░░░░░░░ 34.3% (463/791)
iOS ./index.js ▓▓▓▓▓░░░░░░░░░░░ 36.5% (495/831)
iOS ./index.js ▓▓▓▓▓▓░░░░░░░░░░ 39.8% (552/876)
 WARN  Attempted to import the module "/Users/tusm/Documents/MetaID_Projects/IDChat-APP/node_modules/@scure/bip39/wordlists/english" which is not listed in the "exports" of "/Users/tusm/Documents/MetaID_Projects/IDChat-APP/node_modules/@scure/bip39" under the requested subpath "./wordlists/english". Falling back to file-based resolution. Consider updating the call site or asking the package maintainer(s) to expose this API.
iOS ./index.js ▓▓▓▓▓▓░░░░░░░░░░ 41.9% (599/925)
iOS ./index.js ▓▓▓▓▓▓▓░░░░░░░░░ 43.8% (618/934)
iOS ./index.js ▓▓▓▓▓▓▓░░░░░░░░░ 48.2% (654/942)
iOS ./index.js ▓▓▓▓▓▓▓░░░░░░░░░ 49.5% (667/948)
iOS ./index.js ▓▓▓▓▓▓▓▓░░░░░░░░ 50.4% (674/952)
iOS ./index.js ▓▓▓▓▓▓▓▓░░░░░░░░ 50.4% (675/968)
iOS ./index.js ▓▓▓▓▓▓▓▓░░░░░░░░ 50.4% (700/991)
iOS ./index.js ▓▓▓▓▓▓▓▓░░░░░░░░ 50.4% ( 707/1029)
iOS ./index.js ▓▓▓▓▓▓▓▓░░░░░░░░ 50.4% ( 735/1052)
iOS ./index.js ▓▓▓▓▓▓▓▓░░░░░░░░ 50.4% ( 750/1063)
iOS ./index.js ▓▓▓▓▓▓▓▓░░░░░░░░ 50.4% ( 754/1063)
iOS ./index.js ▓▓▓▓▓▓▓▓░░░░░░░░ 50.4% ( 755/1063)
iOS ./index.js ▓▓▓▓▓▓▓▓░░░░░░░░ 50.8% ( 762/1071)
iOS ./index.js ▓▓▓▓▓▓▓▓░░░░░░░░ 55.1% ( 807/1087)
iOS ./index.js ▓▓▓▓▓▓▓▓▓░░░░░░░ 59.8% ( 849/1098)
iOS ./index.js ▓▓▓▓▓▓▓▓▓░░░░░░░ 61.4% ( 903/1165)
iOS ./index.js ▓▓▓▓▓▓▓▓▓░░░░░░░ 61.4% ( 934/1241)
iOS ./index.js ▓▓▓▓▓▓▓▓▓░░░░░░░ 61.4% ( 944/1283)
iOS ./index.js ▓▓▓▓▓▓▓▓▓░░░░░░░ 61.4% ( 963/1301)
iOS ./index.js ▓▓▓▓▓▓▓▓▓░░░░░░░ 61.4% ( 967/1314)
iOS ./index.js ▓▓▓▓▓▓▓▓▓░░░░░░░ 61.4% ( 973/1320)
iOS ./index.js ▓▓▓▓▓▓▓▓▓░░░░░░░ 61.4% ( 977/1323)
iOS ./index.js ▓▓▓▓▓▓▓▓▓░░░░░░░ 61.4% (1006/1335)
iOS ./index.js ▓▓▓▓▓▓▓▓▓░░░░░░░ 61.4% (1035/1351)
iOS ./index.js ▓▓▓▓▓▓▓▓▓░░░░░░░ 61.4% (1045/1352)
iOS ./index.js ▓▓▓▓▓▓▓▓▓░░░░░░░ 61.4% (1055/1352)
iOS ./index.js ▓▓▓▓▓▓▓▓▓▓░░░░░░ 62.8% (1079/1363)
iOS ./index.js ▓▓▓▓▓▓▓▓▓▓░░░░░░ 63.3% (1096/1378)
iOS ./index.js ▓▓▓▓▓▓▓▓▓▓░░░░░░ 63.6% (1102/1384)
iOS ./index.js ▓▓▓▓▓▓▓▓▓▓░░░░░░ 64.1% (1109/1385)
iOS ./index.js ▓▓▓▓▓▓▓▓▓▓░░░░░░ 65.7% (1124/1389)
iOS ./index.js ▓▓▓▓▓▓▓▓▓▓░░░░░░ 66.6% (1149/1408)
iOS ./index.js ▓▓▓▓▓▓▓▓▓▓▓░░░░░ 70.3% (1190/1420)
iOS ./index.js ▓▓▓▓▓▓▓▓▓▓▓░░░░░ 71.3% (1210/1433)
iOS ./index.js ▓▓▓▓▓▓▓▓▓▓▓▓░░░░ 75.2% (1250/1441)
iOS ./index.js ▓▓▓▓▓▓▓▓▓▓▓▓░░░░ 77.2% (1269/1447)
 WARN  Attempted to import the module "/Users/tusm/Documents/MetaID_Projects/IDChat-APP/node_modules/@noble/hashes/crypto.js" which is not listed in the "exports" of "/Users/tusm/Documents/MetaID_Projects/IDChat-APP/node_modules/@noble/hashes" under the requested subpath "./crypto.js". Falling back to file-based resolution. Consider updating the call site or asking the package maintainer(s) to expose this API.
iOS ./index.js ▓▓▓▓▓▓▓▓▓▓▓▓░░░░ 77.2% (1302/1571)
iOS ./index.js ▓▓▓▓▓▓▓▓▓▓▓▓░░░░ 77.2% (1309/1613)
iOS ./index.js ▓▓▓▓▓▓▓▓▓▓▓▓░░░░ 77.2% (1325/1623)
 WARN  Attempted to import the module "/Users/tusm/Documents/MetaID_Projects/IDChat-APP/node_modules/@noble/hashes/crypto.js" which is not listed in the "exports" of "/Users/tusm/Documents/MetaID_Projects/IDChat-APP/node_modules/@noble/hashes" under the requested subpath "./crypto.js". Falling back to file-based resolution. Consider updating the call site or asking the package maintainer(s) to expose this API.
iOS ./index.js ▓▓▓▓▓▓▓▓▓▓▓▓░░░░ 77.2% (1358/1650)
iOS ./index.js ▓▓▓▓▓▓▓▓▓▓▓▓░░░░ 77.2% (1379/1670)
iOS ./index.js ▓▓▓▓▓▓▓▓▓▓▓▓░░░░ 77.2% (1440/1701)
iOS ./index.js ▓▓▓▓▓▓▓▓▓▓▓▓░░░░ 77.2% (1447/1706)
iOS ./index.js ▓▓▓▓▓▓▓▓▓▓▓▓░░░░ 77.2% (1488/1710)
iOS ./index.js ▓▓▓▓▓▓▓▓▓▓▓▓░░░░ 78.5% (1524/1720)
iOS ./index.js ▓▓▓▓▓▓▓▓▓▓▓▓░░░░ 79.1% (1542/1738)
iOS ./index.js ▓▓▓▓▓▓▓▓▓▓▓▓░░░░ 79.3% (1553/1744)
iOS ./index.js ▓▓▓▓▓▓▓▓▓▓▓▓░░░░ 79.6% (1569/1759)
iOS ./index.js ▓▓▓▓▓▓▓▓▓▓▓▓▓░░░ 81.3% (1587/1760)
iOS ./index.js ▓▓▓▓▓▓▓▓▓▓▓▓▓░░░ 83.0% (1603/1760)
iOS ./index.js ▓▓▓▓▓▓▓▓▓▓▓▓▓░░░ 83.2% (1605/1760)
iOS ./index.js ▓▓▓▓▓▓▓▓▓▓▓▓▓░░░ 83.3% (1606/1760)
iOS ./index.js ▓▓▓▓▓▓▓▓▓▓▓▓▓░░░ 86.0% (1637/1765)
iOS ./index.js ▓▓▓▓▓▓▓▓▓▓▓▓▓░░░ 86.9% (1652/1772)
iOS ./index.js ▓▓▓▓▓▓▓▓▓▓▓▓▓░░░ 87.5% (1663/1778)
iOS ./index.js ▓▓▓▓▓▓▓▓▓▓▓▓▓▓░░ 88.5% (1678/1784)
iOS ./index.js ▓▓▓▓▓▓▓▓▓▓▓▓▓▓░░ 88.6% (1703/1816)
iOS ./index.js ▓▓▓▓▓▓▓▓▓▓▓▓▓▓░░ 90.1% (1731/1824)
iOS ./index.js ▓▓▓▓▓▓▓▓▓▓▓▓▓▓░░ 91.6% (1758/1837)
iOS ./index.js ▓▓▓▓▓▓▓▓▓▓▓▓▓▓░░ 91.9% (1775/1852)
iOS ./index.js ▓▓▓▓▓▓▓▓▓▓▓▓▓▓░░ 92.6% (1811/1898)
iOS ./index.js ▓▓▓▓▓▓▓▓▓▓▓▓▓▓░░ 92.6% (1818/1903)
iOS ./index.js ▓▓▓▓▓▓▓▓▓▓▓▓▓▓░░ 92.6% (1834/1932)
iOS ./index.js ▓▓▓▓▓▓▓▓▓▓▓▓▓▓░░ 92.6% (1860/1963)
iOS ./index.js ▓▓▓▓▓▓▓▓▓▓▓▓▓▓░░ 92.6% (1900/1981)
iOS ./index.js ▓▓▓▓▓▓▓▓▓▓▓▓▓▓░░ 93.5% (1923/1989)
iOS ./index.js ▓▓▓▓▓▓▓▓▓▓▓▓▓▓▓░ 94.3% (1947/2033)
iOS ./index.js ▓▓▓▓▓▓▓▓▓▓▓▓▓▓▓░ 94.3% (1949/2033)
iOS ./index.js ▓▓▓▓▓▓▓▓▓▓▓▓▓▓▓░ 94.3% (1962/2052)
iOS ./index.js ▓▓▓▓▓▓▓▓▓▓▓▓▓▓▓░ 94.3% (1995/2082)
iOS ./index.js ▓▓▓▓▓▓▓▓▓▓▓▓▓▓▓░ 94.4% (2036/2095)
iOS ./index.js ▓▓▓▓▓▓▓▓▓▓▓▓▓▓▓░ 96.1% (2059/2100)
iOS ./index.js ▓▓▓▓▓▓▓▓▓▓▓▓▓▓▓░ 96.2% (2061/2101)
iOS ./index.js ▓▓▓▓▓▓▓▓▓▓▓▓▓▓▓░ 96.3% (2062/2101)
iOS ./index.js ▓▓▓▓▓▓▓▓▓▓▓▓▓▓▓░ 96.5% (2069/2118)
iOS ./index.js ▓▓▓▓▓▓▓▓▓▓▓▓▓▓▓░ 96.6% (2093/2130)
iOS ./index.js ▓▓▓▓▓▓▓▓▓▓▓▓▓▓▓░ 96.9% (2107/2185)
iOS ./index.js ▓▓▓▓▓▓▓▓▓▓▓▓▓▓▓░ 96.9% (2142/2217)
iOS ./index.js ▓▓▓▓▓▓▓▓▓▓▓▓▓▓▓░ 96.9% (2163/2217)
iOS ./index.js ▓▓▓▓▓▓▓▓▓▓▓▓▓▓▓░ 96.9% (2182/2221)
iOS ./index.js ▓▓▓▓▓▓▓▓▓▓▓▓▓▓▓░ 96.9% (2183/2221)
iOS ./index.js ▓▓▓▓▓▓▓▓▓▓▓▓▓▓▓░ 96.9% (2184/2221)
iOS ./index.js ▓▓▓▓▓▓▓▓▓▓▓▓▓▓▓░ 96.9% (2186/2224)
iOS ./index.js ▓▓▓▓▓▓▓▓▓▓▓▓▓▓▓░ 97.3% (2195/2225)
iOS ./index.js ▓▓▓▓▓▓▓▓▓▓▓▓▓▓▓░ 97.4% (2196/2226)
iOS ./index.js ▓▓▓▓▓▓▓▓▓▓▓▓▓▓▓░ 97.6% (2200/2227)
iOS ./index.js ▓▓▓▓▓▓▓▓▓▓▓▓▓▓▓░ 97.7% (2201/2227)
iOS ./index.js ▓▓▓▓▓▓▓▓▓▓▓▓▓▓▓░ 98.5% (2213/2230)
iOS ./index.js ▓▓▓▓▓▓▓▓▓▓▓▓▓▓▓░ 99.0% (2228/2239)
iOS ./index.js ▓▓▓▓▓▓▓▓▓▓▓▓▓▓▓░ 99.7% (2236/2239)
iOS ./index.js ▓▓▓▓▓▓▓▓▓▓▓▓▓▓▓░ 99.8% (2237/2239)
iOS ./index.js ▓▓▓▓▓▓▓▓▓▓▓▓▓▓▓░ 99.9% (2238/2239)
iOS ./index.js ▓▓▓▓▓▓▓▓▓▓▓▓▓▓▓░ 99.9% (2239/2239)
iOS Bundled 517194ms index.js (2239 modules)
iOS ./index.js ░░░░░░░░░░░░░░░░  0.0% (0/1)
iOS Bundled 955ms index.js (1 module)
iOS ./index.js ░░░░░░░░░░░░░░░░  0.0% (0/1)
iOS Bundled 997ms index.js (1 module)
 LOG  initDataBase 自主刷新123
 LOG  myWallet 当前的选中钱包：
 LOG  walletMode----- hot
iOS src/stores/useUserStore.ts ░░░░░░░░░░░░░░░░  0.0% (0/1)
iOS src/stores/useUserStore.ts ▓▓▓▓▓▓▓▓▓▓▓▓▓▓░░ 89.3% (463/490)
iOS Bundled 5128ms src/stores/useUserStore.ts (597 modules)
iOS ./index.js ░░░░░░░░░░░░░░░░  0.0% (0/1)
iOS Bundled 2118ms index.js (1 module)
 LOG  initDataBase 自主刷新123
 LOG  myWallet 当前的选中钱包：
 LOG  walletMode----- hot
iOS Bundled 2368ms src/stores/useUserStore.ts (1 module)
iOS src/stores/useUserStore.ts ░░░░░░░░░░░░░░░░  0.0% (0/1)
