Detected file type from extension: PNG
Note: No display specified. Defaulting to display: 258E004A-8CF5-4843-B9A6-33FFABBE7E7A (screenID: 1, name: LCD)
Wrote screenshot to: /tmp/idchat-p1-final-raw/00-native-after-openurl.png
Detected file type from extension: PNG
Note: No display specified. Defaulting to display: 258E004A-8CF5-4843-B9A6-33FFABBE7E7A (screenID: 1, name: LCD)
Wrote screenshot to: /tmp/idchat-p1-final-raw/01-native-group-room.png
Detected file type from extension: PNG
Note: No display specified. Defaulting to display: 258E004A-8CF5-4843-B9A6-33FFABBE7E7A (screenID: 1, name: LCD)
Wrote screenshot to: /tmp/idchat-p1-final-raw/02-native-message-actions.png
Detected file type from extension: PNG
Note: No display specified. Defaulting to display: 258E004A-8CF5-4843-B9A6-33FFABBE7E7A (screenID: 1, name: LCD)
Wrote screenshot to: /tmp/idchat-p1-final-raw/03-native-room-keyboard.png
Detected file type from extension: PNG
Note: No display specified. Defaulting to display: 258E004A-8CF5-4843-B9A6-33FFABBE7E7A (screenID: 1, name: LCD)
Wrote screenshot to: /tmp/idchat-p1-final-raw/04-native-local-search-match.png
Detected file type from extension: PNG
Note: No display specified. Defaulting to display: 258E004A-8CF5-4843-B9A6-33FFABBE7E7A (screenID: 1, name: LCD)
Wrote screenshot to: /tmp/idchat-p1-final-raw/05-native-chat-list-default.png
Detected file type from extension: PNG
Note: No display specified. Defaulting to display: 258E004A-8CF5-4843-B9A6-33FFABBE7E7A (screenID: 1, name: LCD)
Wrote screenshot to: /tmp/idchat-p1-final-raw/06-native-local-search-no-result.png
Detected file type from extension: PNG
Note: No display specified. Defaulting to display: 258E004A-8CF5-4843-B9A6-33FFABBE7E7A (screenID: 1, name: LCD)
Wrote screenshot to: /tmp/idchat-p1-final-raw/07-native-remote-discovery-loading.png
Detected file type from extension: PNG
Note: No display specified. Defaulting to display: 258E004A-8CF5-4843-B9A6-33FFABBE7E7A (screenID: 1, name: LCD)
Wrote screenshot to: /tmp/idchat-p1-final-raw/08-native-remote-discovery-final.png
Detected file type from extension: PNG
Note: No display specified. Defaulting to display: 258E004A-8CF5-4843-B9A6-33FFABBE7E7A (screenID: 1, name: LCD)
Wrote screenshot to: /tmp/idchat-p1-final-raw/09-native-remote-discovery-result.png
Detected file type from extension: PNG
Note: No display specified. Defaulting to display: 258E004A-8CF5-4843-B9A6-33FFABBE7E7A (screenID: 1, name: LCD)
Wrote screenshot to: /tmp/idchat-p1-final-raw/10-native-online-bots.png
Detected file type from extension: PNG
Note: No display specified. Defaulting to display: 258E004A-8CF5-4843-B9A6-33FFABBE7E7A (screenID: 1, name: LCD)
Wrote screenshot to: /tmp/idchat-p1-final-raw/11-native-me-account.png
Detected file type from extension: PNG
Note: No display specified. Defaulting to display: 258E004A-8CF5-4843-B9A6-33FFABBE7E7A (screenID: 1, name: LCD)
Wrote screenshot to: /tmp/idchat-p1-final-raw/12-native-me-copy-feedback.png
Detected file type from extension: PNG
Note: No display specified. Defaulting to display: 258E004A-8CF5-4843-B9A6-33FFABBE7E7A (screenID: 1, name: LCD)
Wrote screenshot to: /tmp/idchat-p1-final-raw/13-native-private-room.png
Detected file type from extension: PNG
Note: No display specified. Defaulting to display: 258E004A-8CF5-4843-B9A6-33FFABBE7E7A (screenID: 1, name: LCD)
Wrote screenshot to: /tmp/idchat-p1-final-raw/14-native-private-media-room.png
